Arguments: 
  C:\Program Files\nodejs\node.exe C:\Program Files (x86)\Yarn\bin\yarn.js add remask

PATH: 
  C:\ProgramData\Oracle\Java\javapath;C:\Program Files (x86)\Common Files\Intel\Shared Libraries\redist\intel64\compiler;C:\Windows\system32;C:\Windows;C:\Windows\System32\Wbem;C:\Windows\System32\WindowsPowerShell\v1.0\;C:\Windows\System32\OpenSSH\;E:\PC\Programas\nodejs\;C:\ProgramData\chocolatey\bin;C:\Program Files\Microsoft VS Code\bin;C:\Program Files\Git\cmd;C:\Program Files (x86)\Yarn\bin\;C:\Program Files\nodejs\;C:\Users\Leonardo\AppData\Local\Microsoft\WindowsApps;E:\PC\Programas\Microsoft VS Code\bin;C:\Users\Leonardo\AppData\Local\GitHubDesktop\bin;C:\Users\Leonardo\AppData\Local\Yarn\bin;C:\Users\Leonardo\AppData\Roaming\npm

Yarn version: 
  1.22.15

Node version: 
  16.13.1

Platform: 
  win32 x64

Trace: 
  Error: EPERM: operation not permitted, unlink 'D:\PRO\palpitebox\node_modules\@next\swc-win32-x64-msvc\next-swc.win32-x64-msvc.node'

npm manifest: 
  {
    "name": "palpitebox",
    "version": "1.0.0",
    "description": "",
    "main": "index.js",
    "scripts": {
      "dev": "next",
      "start": "next start",
      "build": "next build"
    },
    "keywords": [],
    "author": "",
    "license": "MIT",
    "dependencies": {
      "autoprefixer": "^9.8.6",
      "google-spreadsheet": "^3.2.0",
      "moment": "^2.29.1",
      "next": "^12.0.4",
      "postcss-import": "^14.0.2",
      "react": "^17.0.2",
      "react-dom": "^17.0.2",
      "swr": "^1.0.1",
      "tailwindcss": "^2.2.19"
    }
  }

yarn manifest: 
  No manifest

Lockfile: 
  No lockfile
